<?xml version="1.0" encoding="UTF-8"?>
<testsuite name="com.statescensusanalysertest.StatesCensusAnanlyserTest" tests="1" skipped="0" failures="0" errors="0" timestamp="2019-12-04T04:42:02" hostname="admin1-desktop" time="0.125">
  <properties/>
  <testcase name="givenMethod_SortDataByStateName_ShouldReturnSortCountEqualsOrNot" classname="com.statescensusanalysertest.StatesCensusAnanlyserTest" time="0.125"/>
  <system-out><![CDATA[]]></system-out>
  <system-err><![CDATA[]]></system-err>
</testsuite>
