<?xml version="1.0" encoding="UTF-8"?>
<testsuite name="com.statescensusanalysertest.StatesCensusAnanlyserTest" tests="1" skipped="0" failures="0" errors="0" timestamp="2019-12-02T05:15:20" hostname="admin1-desktop" time="0.006">
  <properties/>
  <testcase name="givenMethod_ifFoundIncorrectType_OfStatesCensusFile_ShouldThrowException" classname="com.statescensusanalysertest.StatesCensusAnanlyserTest" time="0.006"/>
  <system-out><![CDATA[Please enter proper file type
]]></system-out>
  <system-err><![CDATA[]]></system-err>
</testsuite>
