<?xml version="1.0" encoding="UTF-8"?>
<testsuite name="com.statescensusanalysertest.StatesCensusAnanlyserTest" tests="1" skipped="0" failures="0" errors="0" timestamp="2019-12-02T05:01:02" hostname="admin1-desktop" time="0.005">
  <properties/>
  <testcase name="givenMethod_ifFoundIncorrectName_OfStatesCensusFile_ShouldThrowException" classname="com.statescensusanalysertest.StatesCensusAnanlyserTest" time="0.005"/>
  <system-out><![CDATA[Please enter proper file name
]]></system-out>
  <system-err><![CDATA[]]></system-err>
</testsuite>
