<?xml version="1.0" encoding="UTF-8"?>
<testsuite name="com.statescensusanalysertest.StatesCensusAnanlyserTest" tests="1" skipped="0" failures="0" errors="0" timestamp="2019-12-02T05:32:02" hostname="admin1-desktop" time="0.024">
  <properties/>
  <testcase name="givenMethod_ifFoundIncorrectDelimiterPosition_InStatesCensusFile_ShouldReturnException" classname="com.statescensusanalysertest.StatesCensusAnanlyserTest" time="0.024"/>
  <system-out><![CDATA[Exception occure due to wrong position of delimiter
]]></system-out>
  <system-err><![CDATA[]]></system-err>
</testsuite>
