<?xml version="1.0" encoding="UTF-8"?>
<testsuite name="com.statescensusanalysertest.StatesCensusAnanlyserTest" tests="1" skipped="0" failures="0" errors="0" timestamp="2019-12-02T06:30:20" hostname="admin1-desktop" time="0.05">
  <properties/>
  <testcase name="givenMethod_ifFoundIncorrectHeader_InStatesCensusFile_ShouldReturnException" classname="com.statescensusanalysertest.StatesCensusAnanlyserTest" time="0.05"/>
  <system-out><![CDATA[Exception due to incorrect Header
]]></system-out>
  <system-err><![CDATA[]]></system-err>
</testsuite>
